#
# There is insufficient memory for the Java Runtime Environment to continue.
# Native memory allocation (mmap) failed to map 249561088 bytes for G1 virtual space
# Possible reasons:
#   The system is out of physical RAM or swap space
#   The process is running with CompressedOops enabled, and the Java Heap may be blocking the growth of the native heap
# Possible solutions:
#   Reduce memory load on the system
#   Increase physical memory or swap space
#   Check if swap backing store is full
#   Decrease Java heap size (-Xmx/-Xms)
#   Decrease number of Java threads
#   Decrease Java thread stack sizes (-Xss)
#   Set larger code cache with -XX:ReservedCodeCacheSize=
#   JVM is running with Zero Based Compressed Oops mode in which the Java heap is
#     placed in the first 32GB address space. The Java Heap base address is the
#     maximum limit for the native heap growth. Please use -XX:HeapBaseMinAddress
#     to set the Java Heap base and to place the Java Heap above 32GB virtual address.
# This output file may be truncated or incomplete.
#
#  Out of Memory Error (os_windows.cpp:3825), pid=3260, tid=13212
#
# JRE version:  (17.0.9) (build )
# Java VM: OpenJDK 64-Bit Server VM (17.0.9+0--11185874, mixed mode, sharing, tiered, compressed oops, compressed class ptrs, g1 gc, windows-amd64)
# No core dump will be written. Minidumps are not enabled by default on client versions of Windows
#

---------------  S U M M A R Y ------------

Command Line: org.jetbrains.kotlin.cli.jvm.K2JVMCompiler @C:\Users\RIN\AndroidStudioProjects\MobDev_Nhom06_Asg02\app\build\20240423_6234179717791218700.compiler.options

Host: AMD Ryzen 5 PRO 5650U with Radeon Graphics     , 12 cores, 14G,  Windows 11 , 64 bit Build 22621 (10.0.22621.3374)
Time: Tue Apr 23 14:48:08 2024 SE Asia Standard Time elapsed time: 0.035290 seconds (0d 0h 0m 0s)

---------------  T H R E A D  ---------------

Current thread (0x0000021be429b900):  JavaThread "Unknown thread" [_thread_in_vm, id=13212, stack(0x000000b260e00000,0x000000b260f00000)]

Stack: [0x000000b260e00000,0x000000b260f00000]
Native frames: (J=compiled Java code, j=interpreted, Vv=VM code, C=native code)
V  [jvm.dll+0x6886e9]
V  [jvm.dll+0x841e4a]
V  [jvm.dll+0x843a8e]
V  [jvm.dll+0x8440f3]
V  [jvm.dll+0x24c14f]
V  [jvm.dll+0x685499]
V  [jvm.dll+0x679c2a]
V  [jvm.dll+0x30cf9b]
V  [jvm.dll+0x314446]
V  [jvm.dll+0x36425e]
V  [jvm.dll+0x36448f]
V  [jvm.dll+0x2e2d68]
V  [jvm.dll+0x2e3cd4]
V  [jvm.dll+0x8129f1]
V  [jvm.dll+0x3720c1]
V  [jvm.dll+0x7f152c]
V  [jvm.dll+0x3f5d4f]
V  [jvm.dll+0x3f7981]
C  [jli.dll+0x528f]
C  [ucrtbase.dll+0x29333]
C  [KERNEL32.DLL+0x1257d]
C  [ntdll.dll+0x5aa48]


---------------  P R O C E S S  ---------------

Threads class SMR info:
_java_thread_list=0x00007ffbbacbef18, length=0, elements={
}

Java Threads: ( => current thread )

Other Threads:
  0x0000021be43044f0 GCTaskThread "GC Thread#0" [stack: 0x000000b260f00000,0x000000b261000000] [id=8876]
  0x0000021be4314180 ConcurrentGCThread "G1 Main Marker" [stack: 0x000000b261000000,0x000000b261100000] [id=7012]
  0x0000021be4314ba0 ConcurrentGCThread "G1 Conc#0" [stack: 0x000000b261100000,0x000000b261200000] [id=10628]

[error occurred during error reporting (printing all threads), id 0xc0000005, EXCEPTION_ACCESS_VIOLATION (0xc0000005) at pc=0x00007ffbba473937]

VM state: not at safepoint (not fully initialized)

VM Mutex/Monitor currently owned by a thread:  ([mutex/lock_event])
[0x0000021be4296910] Heap_lock - owner thread: 0x0000021be429b900

Heap address: 0x0000000712c00000, size: 3796 MB, Compressed Oops mode: Zero based, Oop shift amount: 3

CDS archive(s) mapped at: [0x0000000000000000-0x0000000000000000-0x0000000000000000), size 0, SharedBaseAddress: 0x0000000800000000, ArchiveRelocationMode: 1.
Narrow klass base: 0x0000000000000000, Narrow klass shift: 0, Narrow klass range: 0x0

GC Precious Log:
<Empty>

Heap:
 garbage-first heap   total 0K, used 0K [0x0000000712c00000, 0x0000000800000000)
  region size 2048K, 0 young (0K), 0 survivors (0K)
 Metaspace       used 0K, committed 0K, reserved 0K
  class space    used 0K, committed 0K, reserved 0K

Heap Regions: E=young(eden), S=young(survivor), O=old, HS=humongous(starts), HC=humongous(continues), CS=collection set, F=free, OA=open archive, CA=closed archive, TAMS=top-at-mark-start (previous, next)

Card table byte_map: [0x0000021bf7430000,0x0000021bf7ba0000] _byte_map_base: 0x0000021bf3b9a000

Marking Bits (Prev, Next): (CMBitMap*) 0x0000021be4304b10, (CMBitMap*) 0x0000021be4304b50
 Prev Bits: [0x0000021bf8310000, 0x0000021bfbe60000)
 Next Bits: [0x0000021bfbe60000, 0x0000021bff9b0000)

GC Heap History (0 events):
No events

Dll operation events (1 events):
Event: 0.014 Loaded shared library C:\Users\RIN\AppData\Local\Programs\Android Studio\jbr\bin\java.dll

Deoptimization events (0 events):
No events

Classes unloaded (0 events):
No events

Classes redefined (0 events):
No events

Internal exceptions (0 events):
No events

VM Operations (0 events):
No events

Events (0 events):
No events


Dynamic libraries:
0x00007ff75d590000 - 0x00007ff75d59a000 	C:\Users\RIN\AppData\Local\Programs\Android Studio\jbr\bin\java.exe
0x00007ffbe7930000 - 0x00007ffbe7b46000 	C:\WINDOWS\SYSTEM32\ntdll.dll
0x00007ffbe58a0000 - 0x00007ffbe5964000 	C:\WINDOWS\System32\KERNEL32.DLL
0x00007ffbe5020000 - 0x00007ffbe53c7000 	C:\WINDOWS\System32\KERNELBASE.dll
0x00007ffbe4d70000 - 0x00007ffbe4e81000 	C:\WINDOWS\System32\ucrtbase.dll
0x00007ffbdfb10000 - 0x00007ffbdfb2b000 	C:\Users\RIN\AppData\Local\Programs\Android Studio\jbr\bin\VCRUNTIME140.dll
0x00007ffbd1360000 - 0x00007ffbd1377000 	C:\Users\RIN\AppData\Local\Programs\Android Studio\jbr\bin\jli.dll
0x00007ffbe6880000 - 0x00007ffbe6a2e000 	C:\WINDOWS\System32\USER32.dll
0x00007ffbe4ff0000 - 0x00007ffbe5016000 	C:\WINDOWS\System32\win32u.dll
0x00007ffbd3070000 - 0x00007ffbd3303000 	C:\WINDOWS\WinSxS\amd64_microsoft.windows.common-controls_6595b64144ccf1df_6.0.22621.3235_none_270f74e173860f98\COMCTL32.dll
0x00007ffbe7840000 - 0x00007ffbe78e7000 	C:\WINDOWS\System32\msvcrt.dll
0x00007ffbe7790000 - 0x00007ffbe77b9000 	C:\WINDOWS\System32\GDI32.dll
0x00007ffbe4c50000 - 0x00007ffbe4d69000 	C:\WINDOWS\System32\gdi32full.dll
0x00007ffbe4f50000 - 0x00007ffbe4fea000 	C:\WINDOWS\System32\msvcp_win.dll
0x00007ffbe6a30000 - 0x00007ffbe6a61000 	C:\WINDOWS\System32\IMM32.DLL
0x00007ffbdf2c0000 - 0x00007ffbdf2cc000 	C:\Users\RIN\AppData\Local\Programs\Android Studio\jbr\bin\vcruntime140_1.dll
0x00007ffbd0860000 - 0x00007ffbd08ed000 	C:\Users\RIN\AppData\Local\Programs\Android Studio\jbr\bin\msvcp140.dll
0x00007ffbba180000 - 0x00007ffbbae03000 	C:\Users\RIN\AppData\Local\Programs\Android Studio\jbr\bin\server\jvm.dll
0x00007ffbe73e0000 - 0x00007ffbe7492000 	C:\WINDOWS\System32\ADVAPI32.dll
0x00007ffbe67d0000 - 0x00007ffbe6878000 	C:\WINDOWS\System32\sechost.dll
0x00007ffbe53d0000 - 0x00007ffbe53f8000 	C:\WINDOWS\System32\bcrypt.dll
0x00007ffbe5a50000 - 0x00007ffbe5b65000 	C:\WINDOWS\System32\RPCRT4.dll
0x00007ffbe3ab0000 - 0x00007ffbe3afd000 	C:\WINDOWS\SYSTEM32\POWRPROF.dll
0x00007ffbe22d0000 - 0x00007ffbe2304000 	C:\WINDOWS\SYSTEM32\WINMM.dll
0x00007ffbc1f50000 - 0x00007ffbc1f59000 	C:\WINDOWS\SYSTEM32\WSOCK32.dll
0x00007ffbe5b70000 - 0x00007ffbe5be1000 	C:\WINDOWS\System32\WS2_32.dll
0x00007ffbd9900000 - 0x00007ffbd990a000 	C:\WINDOWS\SYSTEM32\VERSION.dll
0x00007ffbe3a90000 - 0x00007ffbe3aa3000 	C:\WINDOWS\SYSTEM32\UMPDC.dll
0x00007ffbe3d40000 - 0x00007ffbe3d58000 	C:\WINDOWS\SYSTEM32\kernel.appcore.dll
0x00007ffbdf300000 - 0x00007ffbdf30a000 	C:\Users\RIN\AppData\Local\Programs\Android Studio\jbr\bin\jimage.dll
0x00007ffbe1ff0000 - 0x00007ffbe2223000 	C:\WINDOWS\SYSTEM32\DBGHELP.DLL
0x00007ffbe6440000 - 0x00007ffbe67c8000 	C:\WINDOWS\System32\combase.dll
0x00007ffbe5670000 - 0x00007ffbe5747000 	C:\WINDOWS\System32\OLEAUT32.dll
0x00007ffbe2290000 - 0x00007ffbe22c2000 	C:\WINDOWS\SYSTEM32\dbgcore.DLL
0x00007ffbe5570000 - 0x00007ffbe55e9000 	C:\WINDOWS\System32\bcryptPrimitives.dll
0x00007ffbd9070000 - 0x00007ffbd9095000 	C:\Users\RIN\AppData\Local\Programs\Android Studio\jbr\bin\java.dll

dbghelp: loaded successfully - version: 4.0.5 - missing functions: none
symbol engine: initialized successfully - sym options: 0x614 - pdb path: .;C:\Users\RIN\AppData\Local\Programs\Android Studio\jbr\bin;C:\WINDOWS\SYSTEM32;C:\WINDOWS\WinSxS\amd64_microsoft.windows.common-controls_6595b64144ccf1df_6.0.22621.3235_none_270f74e173860f98;C:\Users\RIN\AppData\Local\Programs\Android Studio\jbr\bin\server

VM Arguments:
java_command: org.jetbrains.kotlin.cli.jvm.K2JVMCompiler @C:\Users\RIN\AndroidStudioProjects\MobDev_Nhom06_Asg02\app\build\20240423_6234179717791218700.compiler.options
java_class_path (initial): C:\Users\RIN\.gradle\caches\modules-2\files-2.1\org.jetbrains.kotlin\kotlin-compiler-embeddable\1.9.22\9cd4dc7773cf2a99ecd961a88fbbc9a2da3fb5e1\kotlin-compiler-embeddable-1.9.22.jar;C:\Users\RIN\.gradle\caches\modules-2\files-2.1\org.jetbrains.kotlin\kotlin-stdlib\1.9.22\d6c44cd08d8f3f9bece8101216dbe6553365c6e3\kotlin-stdlib-1.9.22.jar;C:\Users\RIN\.gradle\caches\modules-2\files-2.1\org.jetbrains.kotlin\kotlin-script-runtime\1.9.22\f8139a46fc677ec9badc49ae954392f4f5e7e7c7\kotlin-script-runtime-1.9.22.jar;C:\Users\RIN\.gradle\caches\modules-2\files-2.1\org.jetbrains.kotlin\kotlin-reflect\1.6.10\1cbe9c92c12a94eea200d23c2bbaedaf3daf5132\kotlin-reflect-1.6.10.jar;C:\Users\RIN\.gradle\caches\modules-2\files-2.1\org.jetbrains.kotlin\kotlin-daemon-embeddable\1.9.22\20e2c5df715f3240c765cfc222530e2796542021\kotlin-daemon-embeddable-1.9.22.jar;C:\Users\RIN\.gradle\caches\modules-2\files-2.1\org.jetbrains.intellij.deps\trove4j\1.0.20200330\3afb14d5f9ceb459d724e907a21145e8ff394f02\trove4j-1.0.20200330.jar;C:\Users\RIN\.gradle\caches\modules-2\files-2.1\org.jetbrains\annotations\13.0\919f0dfe192fb4e063e7dacadee7f8bb9a2672a9\annotations-13.0.jar
Launcher Type: SUN_STANDARD

[Global flags]
     intx CICompilerCount                          = 4                                         {product} {ergonomic}
     uint ConcGCThreads                            = 3                                         {product} {ergonomic}
     uint G1ConcRefinementThreads                  = 10                                        {product} {ergonomic}
   size_t G1HeapRegionSize                         = 2097152                                   {product} {ergonomic}
    uintx GCDrainStackTargetSize                   = 64                                        {product} {ergonomic}
   size_t InitialHeapSize                          = 249561088                                 {product} {ergonomic}
   size_t MarkStackSize                            = 4194304                                   {product} {ergonomic}
   size_t MaxHeapSize                              = 3980394496                                {product} {ergonomic}
   size_t MinHeapDeltaBytes                        = 2097152                                   {product} {ergonomic}
   size_t MinHeapSize                              = 8388608                                   {product} {ergonomic}
    uintx NonNMethodCodeHeapSize                   = 5839372                                {pd product} {ergonomic}
    uintx NonProfiledCodeHeapSize                  = 122909434                              {pd product} {ergonomic}
    uintx ProfiledCodeHeapSize                     = 122909434                              {pd product} {ergonomic}
    uintx ReservedCodeCacheSize                    = 251658240                              {pd product} {ergonomic}
     bool SegmentedCodeCache                       = true                                      {product} {ergonomic}
   size_t SoftMaxHeapSize                          = 3980394496                             {manageable} {ergonomic}
     bool UseCompressedClassPointers               = true                           {product lp64_product} {ergonomic}
     bool UseCompressedOops                        = true                           {product lp64_product} {ergonomic}
     bool UseG1GC                                  = true                                      {product} {ergonomic}
     bool UseLargePagesIndividualAllocation        = false                                  {pd product} {ergonomic}

Logging:
Log output configuration:
 #0: stdout all=warning uptime,level,tags
 #1: stderr all=off uptime,level,tags

Environment Variables:
JAVA_HOME=C:\Program Files\Java\jdk-21
PATH=C:\WINDOWS\system32;C:\WINDOWS\system32\wbem;C:\WINDOWS\system32\WindowsPowerShell\v1.0;C:\WINDOWS\Program Files (x86)\OpenSSH;C:\WINDOWS\Program Files\OpenSSH;C:\WINDOWS\system32\config\systemprofile\AppData\Local\Microsoft\WindowsApps;C:\Program Files\OpenSSH;C:\Program Files (x86)\OpenSSH;C:\WINDOWS\System32\OpenSSH;C:\Program Files\Common Files\Oracle\Java\javapath;C:\Program Files\php-8.2.12-nts-Win32-vs16-x64;C:\Program Files\nodejs;C:\Users\RIN\AppData\Roaming\npm;C:\Program Files\Git\cmd;C:\Program Files\Git\bin\git.exe;C:\Program Files\Docker\Docker\resources\bin;C:\Users\RIN\AppData\Local\Programs\Microsoft VS Code\bin;C:\Program Files\Graphviz\bin;C:\Users\RIN\AppData\Local\Google\Cloud SDK\google-cloud-sdk\bin;E:\Python\Python310\Scripts;E:\Python\Python310;C:\Program Files\Java\jdk-21\bin;E:\apache-maven-3.9.5-bin\apache-maven-3.9.5\bin;C:\msys64\ucrt64\bin;C:\Users\RIN\.dotnet\tools;C:\Users\RIN\AppData\Local\JetBrains\Toolbox\scripts;C:\Progra;C:\WINDOWS\system32;C:\WINDOWS\system32\wbem;C:\WINDOWS\system32\WindowsPowerShell\v1.0;C:\WINDOWS\Program Files (x86)\OpenSSH;C:\WINDOWS\Program Files\OpenSSH;C:\WINDOWS\system32\config\systemprofile\AppData\Local\Microsoft\WindowsApps;C:\Program Files\OpenSSH;C:\Program Files (x86)\OpenSSH;C:\WINDOWS\System32\OpenSSH;C:\Program Files\Common Files\Oracle\Java\javapath;C:\Program Files\php-8.2.12-nts-Win32-vs16-x64;C:\Program Files\nodejs;C:\Users\RIN\AppData\Roaming\npm;C:\Program Files\Git\cmd;C:\Program Files\Git\bin\git.exe;C:\Program Files\Docker\Docker\resources\bin;C:\Users\RIN\AppData\Local\Programs\Microsoft VS Code\bin;C:\Program Files\Graphviz\bin;C:\Users\RIN\AppData\Local\Google\Cloud SDK\google-cloud-sdk\bin;C:\msys64\ucrt64\bin;C:\WINDOWS\system32;C:\WINDOWS\system32\wbem;C:\WINDOWS\system32\WindowsPowerShell\v1.0;C:\WINDOWS\Program Files (x86)\OpenSSH;C:\WINDOWS\Program Files\OpenSSH;C:\WINDOWS\system32\config\systemprofile\AppData\Local\Microsoft\WindowsApps;C:\Program Files\OpenSSH;C:\Progra
USERNAME=Thai linh
OS=Windows_NT
PROCESSOR_IDENTIFIER=AMD64 Family 25 Model 80 Stepping 0, AuthenticAMD
TMP=C:\Users\RIN\AppData\Local\Temp
TEMP=C:\Users\RIN\AppData\Local\Temp



Periodic native trim disabled

JNI global refs:
JNI global refs: 0, weak refs: 0

JNI global refs memory usage: 0, weak refs: 0

OOME stack traces (most recent first):
Classloader memory used:


---------------  S Y S T E M  ---------------

OS:
 Windows 11 , 64 bit Build 22621 (10.0.22621.3374)
OS uptime: 0 days 18:34 hours
Hyper-V role detected

CPU: total 12 (initial active 12) (12 cores per cpu, 2 threads per core) family 25 model 80 stepping 0 microcode 0x0, cx8, cmov, fxsr, ht, mmx, 3dnowpref, sse, sse2, sse3, ssse3, sse4a, sse4.1, sse4.2, popcnt, lzcnt, tsc, tscinvbit, avx, avx2, aes, erms, clmul, bmi1, bmi2, adx, sha, fma, vzeroupper, clflush, clflushopt, hv
Processor Information for all 12 processors :
  Max Mhz: 2301, Current Mhz: 1913, Mhz Limit: 2301

Memory: 4k page, system-wide physical 15182M (3102M free)
TotalPageFile size 15182M (AvailPageFile size 196M)
current process WorkingSet (physical memory assigned to process): 11M, peak: 11M
current process commit charge ("private bytes"): 64M, peak: 302M

vm_info: OpenJDK 64-Bit Server VM (17.0.9+0--11185874) for windows-amd64 JRE (17.0.9+0--11185874), built on Dec  6 2023 18:57:44 by "androidbuild" with MS VC++ 16.10 / 16.11 (VS2019)

END.
